Product 1: Name - Wine - White Pinot Grigio, Average of Top Two Discounts - 0.05
Product 2: Name - Pepper - Red Thai, Average of Top Two Discounts - 0.0
Product 3: Name - Wine - Chardonnay Mondavi, Average of Top Two Discounts - 0.05
Product 4: Name - External Supplier, Average of Top Two Discounts - 0.060000000000000005
Product 5: Name - Beans - Black Bean Preserved, Average of Top Two Discounts - 0.035
Product 6: Name - Beef - Inside Round, Average of Top Two Discounts - 0.05
Product 7: Name - Bread - Calabrese Baguette, Average of Top Two Discounts - 0.045
Product 8: Name - Zucchini - Mini Green, Average of Top Two Discounts - 0.07500000000000001
Product 9: Name - Eggs - Extra Large, Average of Top Two Discounts - 0.09
Product 10: Name - Pork - Liver, Average of Top Two Discounts - 0.025
Product 11: Name - Sesame Seed, Average of Top Two Discounts - 0.0
Product 12: Name - Tuna - Yellowfin, Average of Top Two Discounts - 0.025
Product 13: Name - Wine - Magnotta - Belpaese, Average of Top Two Discounts - 0.08
Product 14: Name - Bar Bran Honey Nut, Average of Top Two Discounts - 0.05
Product 15: Name - Cake - French Pear Tart, Average of Top Two Discounts - 0.035
Product 16: Name - Carbonated Water - Wildberry, Average of Top Two Discounts - 0.0
Product 17: Name - Pork - Ham Virginia, Average of Top Two Discounts - 0.035
Product 18: Name - Wine - Prosecco Valdobienne, Average of Top Two Discounts - 0.07500000000000001
Product 19: Name - Lettuce - Boston Bib - Organic, Average of Top Two Discounts - 0.05
Product 20: Name - Wine - Marlbourough Sauv Blanc, Average of Top Two Discounts - 0.15
Product 21: Name - Longos - Chicken Cordon Bleu, Average of Top Two Discounts - 0.0
Product 22: Name - Beef Striploin Aaa, Average of Top Two Discounts - 0.025
Product 23: Name - Sauce - Oyster, Average of Top Two Discounts - 0.095
Product 24: Name - Barley - Pearl, Average of Top Two Discounts - 0.025
Product 25: Name - Cheese Cloth No 60, Average of Top Two Discounts - 0.07500000000000001
Product 26: Name - Cut Wakame - Hanawakaba, Average of Top Two Discounts - 0.0
Product 27: Name - Kolrabi, Average of Top Two Discounts - 0.14500000000000002
Product 28: Name - Coffee - Espresso, Average of Top Two Discounts - 0.060000000000000005
Product 29: Name - Beef - Kindney Whole, Average of Top Two Discounts - 0.18
Product 30: Name - Honey - Comb, Average of Top Two Discounts - 0.025
Product 31: Name - Soup Campbells Turkey Veg., Average of Top Two Discounts - 0.125
Product 32: Name - Syrup - Monin - Blue Curacao, Average of Top Two Discounts - 0.155
Product 33: Name - Coffee Beans - Chocolate, Average of Top Two Discounts - 0.05
Product 34: Name - Wine - Vidal Icewine Magnotta, Average of Top Two Discounts - 0.05
Product 35: Name - Island Oasis - Peach Daiquiri, Average of Top Two Discounts - 0.025
Product 36: Name - Lychee, Average of Top Two Discounts - 0.0
Product 37: Name - Contreau, Average of Top Two Discounts - 0.060000000000000005
Product 38: Name - Cheese - Taleggio D.o.p., Average of Top Two Discounts - 0.10500000000000001
Product 39: Name - Persimmons, Average of Top Two Discounts - 0.035
Product 40: Name - Towels - Paper / Kraft, Average of Top Two Discounts - 0.025
Product 41: Name - Pastry - Cheese Baked Scones, Average of Top Two Discounts - 0.085
Product 42: Name - Honey - Liquid, Average of Top Two Discounts - 0.0
Product 43: Name - Veal - Bones, Average of Top Two Discounts - 0.060000000000000005
Product 44: Name - Beets, Average of Top Two Discounts - 0.115
Product 45: Name - Wine - Saint Emilion Calvet, Average of Top Two Discounts - 0.05
Product 46: Name - Coffee - Ristretto Coffee Capsule, Average of Top Two Discounts - 0.060000000000000005
Product 47: Name - Beef - Tenderlion Center Cut, Average of Top Two Discounts - 0.08499999999999999
Product 48: Name - Pails With Lids, Average of Top Two Discounts - 0.025
Product 49: Name - Wine - Cousino Macul Antiguas, Average of Top Two Discounts - 0.05
Product 50: Name - Puree - Mango, Average of Top Two Discounts - 0.025
Product 51: Name - Soup - Campbells Chili, Average of Top Two Discounts - 0.0
Product 52: Name - Table Cloth 91x91 Colour, Average of Top Two Discounts - 0.025
Product 53: Name - Apron, Average of Top Two Discounts - 0.025
Product 54: Name - Chocolate - Mi - Amere Semi, Average of Top Two Discounts - 0.05
Product 55: Name - Tomatoes - Plum Canned, Average of Top Two Discounts - 0.035
Product 56: Name - Oysters - Smoked, Average of Top Two Discounts - 0.07500000000000001
Product 57: Name - Pork - Chop Frenched, Average of Top Two Discounts - 0.06
Product 58: Name - Pastry - Baked Cinnamon Stick, Average of Top Two Discounts - 0.155
Product 59: Name - Bread Foccacia Whole, Average of Top Two Discounts - 0.1
Product 60: Name - Tuna - Loin, Average of Top Two Discounts - 0.05
Product 61: Name - Corn Syrup, Average of Top Two Discounts - 0.05
Product 62: Name - Wine - Bouchard La Vignee Pinot, Average of Top Two Discounts - 0.16999999999999998
Product 63: Name - Lamb - Pieces Diced, Average of Top Two Discounts - 0.0
Product 64: Name - Cocoa Butter, Average of Top Two Discounts - 0.165
Product 65: Name - Juice - Apple 284ml, Average of Top Two Discounts - 0.0
Product 66: Name - Tomato - Plum With Basil, Average of Top Two Discounts - 0.0
Product 67: Name - Wine - Magnotta White, Average of Top Two Discounts - 0.025
Product 68: Name - Veal - Knuckle, Average of Top Two Discounts - 0.035
Product 69: Name - Sugar - Brown, Average of Top Two Discounts - 0.10500000000000001
Product 70: Name - Mix - Cocktail Ice Cream, Average of Top Two Discounts - 0.05
Product 71: Name - Bread Base - Gold Formel, Average of Top Two Discounts - 0.145
Product 72: Name - Salmon - Whole 4 - 6 Pounds, Average of Top Two Discounts - 0.025
Product 73: Name - Lettuce - Radicchio, Average of Top Two Discounts - 0.035
Product 74: Name - Wood Chips - Regular, Average of Top Two Discounts - 0.025
Product 75: Name - Pails With Lids, Average of Top Two Discounts - 0.025
Product 76: Name - Strawberries, Average of Top Two Discounts - 0.030000000000000002
Product 77: Name - Bread - Pita, Average of Top Two Discounts - 0.105
Product 78: Name - Hand Towel, Average of Top Two Discounts - 0.09
Product 79: Name - Ice Cream - Chocolate, Average of Top Two Discounts - 0.05
Product 80: Name - Lid - 16 Oz And 32 Oz, Average of Top Two Discounts - 0.18
Product 81: Name - Mayonnaise, Average of Top Two Discounts - 0.16
Product 82: Name - Tarts Assorted, Average of Top Two Discounts - 0.025
Product 83: Name - Butter - Salted, Average of Top Two Discounts - 0.035
Product 84: Name - Amaretto, Average of Top Two Discounts - 0.035
Product 85: Name - Bread - White Mini Epi, Average of Top Two Discounts - 0.0
Product 86: Name - Lamb - Bones, Average of Top Two Discounts - 0.025
Product 87: Name - Bagelers - Cinn / Brown Sugar, Average of Top Two Discounts - 0.035
Product 88: Name - Soup - Campbells Beef Barley, Average of Top Two Discounts - 0.055
Product 89: Name - Pasta - Fettuccine Egg Fresh, Average of Top Two Discounts - 0.025
Product 90: Name - Nut - Almond Blanched Whole, Average of Top Two Discounts - 0.025
Product 91: Name - Wine - White Schroder And Schyl, Average of Top Two Discounts - 0.155
Product 92: Name - Soup - Knorr Chicken Gumbo, Average of Top Two Discounts - 0.105
Product 93: Name - Wine - Red Colio Cabernet, Average of Top Two Discounts - 0.18
Product 94: Name - Thyme - Lemon Fresh, Average of Top Two Discounts - 0.05
Product 95: Name - Honey - Lavender, Average of Top Two Discounts - 0.025
Product 96: Name - Cake - Bande Of Fruit, Average of Top Two Discounts - 0.16
Product 97: Name - Veal - Insides Provini, Average of Top Two Discounts - 0.095
Product 98: Name - Cheese - Taleggio D.o.p., Average of Top Two Discounts - 0.175
Product 99: Name - Table Cloth 54x54 Colour, Average of Top Two Discounts - 0.05
Product 100: Name - Nut - Walnut Chopped, Average of Top Two Discounts - 0.060000000000000005
Product 101: Name - Turkey - Whole Fresh, Average of Top Two Discounts - 0.0
Product 102: Name - Ocean Spray - Ruby Red, Average of Top Two Discounts - 0.0
Product 103: Name - Nantucket - Orange Mango Cktl, Average of Top Two Discounts - 0.025
Product 104: Name - Flower - Carnations, Average of Top Two Discounts - 0.025
Product 105: Name - Tequila - Sauza Silver, Average of Top Two Discounts - 0.0
Product 106: Name - Soup - Base Broth Beef, Average of Top Two Discounts - 0.060000000000000005
Product 107: Name - Mikes Hard Lemonade, Average of Top Two Discounts - 0.05
Product 108: Name - Pasta - Lasagna Dry, Average of Top Two Discounts - 0.060000000000000005
Product 109: Name - Ginsing - Fresh, Average of Top Two Discounts - 0.05
Product 110: Name - Capon - Breast Wing On, Average of Top Two Discounts - 0.05
Product 111: Name - Chocolate - Semi Sweet Calets, Average of Top Two Discounts - 0.05
Product 112: Name - Tray - 16in Rnd Blk, Average of Top Two Discounts - 0.060000000000000005
Product 113: Name - Coffee - Frthy Coffee Crisp, Average of Top Two Discounts - 0.060000000000000005
Product 114: Name - Schnappes Peppermint - Walker, Average of Top Two Discounts - 0.095
Product 115: Name - Wine - White Lindemans Bin 95, Average of Top Two Discounts - 0.05
Product 116: Name - Coffee Cup 12oz 5342cd, Average of Top Two Discounts - 0.060000000000000005
Product 117: Name - Paper - Brown Paper Mini Cups, Average of Top Two Discounts - 0.025
Product 118: Name - Coffee - Frthy Coffee Crisp, Average of Top Two Discounts - 0.05
Product 119: Name - Tea - Orange Pekoe, Average of Top Two Discounts - 0.09
Product 120: Name - Muffin Mix - Raisin Bran, Average of Top Two Discounts - 0.060000000000000005
Product 121: Name - Jack Daniels, Average of Top Two Discounts - 0.25
Product 122: Name - Beef - Ground Medium, Average of Top Two Discounts - 0.060000000000000005
Product 123: Name - Onion Powder, Average of Top Two Discounts - 0.16
Product 124: Name - Tomatoes - Grape, Average of Top Two Discounts - 0.060000000000000005
Product 125: Name - Wine - Chenin Blanc K.w.v., Average of Top Two Discounts - 0.060000000000000005
Product 126: Name - Quail - Eggs Fresh, Average of Top Two Discounts - 0.065
Product 127: Name - Bread - Pumpernickel, Average of Top Two Discounts - 0.05500000000000001
Product 128: Name - Apples - Spartan, Average of Top Two Discounts - 0.05
Product 129: Name - Snails - Large Canned, Average of Top Two Discounts - 0.05
Product 130: Name - Eggplant - Baby, Average of Top Two Discounts - 0.025
Product 131: Name - Wine - Rioja Campo Viejo, Average of Top Two Discounts - 0.07500000000000001
Product 132: Name - Wine - Rosso Toscano Igt, Average of Top Two Discounts - 0.15
Product 133: Name - Wine - Blue Nun Qualitatswein, Average of Top Two Discounts - 0.165
Product 134: Name - Ecolab Crystal Fusion, Average of Top Two Discounts - 0.025
Product 135: Name - Ecolab Crystal Fusion, Average of Top Two Discounts - 0.025
Product 136: Name - Sauce - White Mix, Average of Top Two Discounts - 0.060000000000000005
Product 137: Name - Lobak, Average of Top Two Discounts - 0.07500000000000001
Product 138: Name - Pasta - Shells Medium Dry, Average of Top Two Discounts - 0.165
Product 139: Name - Tomatoes Tear Drop Yellow, Average of Top Two Discounts - 0.065
Product 140: Name - Melon - Honey Dew, Average of Top Two Discounts - 0.035
Product 141: Name - Dried Cranberries, Average of Top Two Discounts - 0.275
Product 142: Name - Bagels Poppyseed, Average of Top Two Discounts - 0.05
Product 143: Name - Mushroom - Crimini, Average of Top Two Discounts - 0.07500000000000001
Product 144: Name - Spice - Peppercorn Melange, Average of Top Two Discounts - 0.05
Product 145: Name - Fruit Salad Deluxe, Average of Top Two Discounts - 0.025
Product 146: Name - Mountain Dew, Average of Top Two Discounts - 0.12000000000000001
Product 147: Name - Pur Value, Average of Top Two Discounts - 0.055
Product 148: Name - Remy Red Berry Infusion, Average of Top Two Discounts - 0.05
Product 149: Name - Chestnuts - Wholecanned, Average of Top Two Discounts - 0.05
Product 150: Name - Pork - Sausage Medium, Average of Top Two Discounts - 0.09
Product 151: Name - Apple - Royal Gala, Average of Top Two Discounts - 0.035
Product 152: Name - Oil - Cooking Spray, Average of Top Two Discounts - 0.060000000000000005
Product 153: Name - Tuna - Bluefin, Average of Top Two Discounts - 0.12
Product 154: Name - Pepper - Green Thai, Average of Top Two Discounts - 0.0
Product 155: Name - Mustard - Individual Pkg, Average of Top Two Discounts - 0.035
Product 156: Name - Pepper - Julienne Frozen, Average of Top Two Discounts - 0.060000000000000005
Product 157: Name - Hummus - Spread, Average of Top Two Discounts - 0.11
Product 158: Name - Absolut Citron, Average of Top Two Discounts - 0.05
Product 159: Name - Salad Dressing, Average of Top Two Discounts - 0.10500000000000001
Product 160: Name - Yogurt - Assorted Pack, Average of Top Two Discounts - 0.060000000000000005
Product 161: Name - Soap - Hand Soap, Average of Top Two Discounts - 0.025
Product 162: Name - Barley - Pearl, Average of Top Two Discounts - 0.025
Product 163: Name - Appetizer - Sausage Rolls, Average of Top Two Discounts - 0.025
Product 164: Name - Lemons, Average of Top Two Discounts - 0.1
Product 165: Name - Cake - Miini Cheesecake Cherry, Average of Top Two Discounts - 0.085
Product 166: Name - Table Cloth 72x144 White, Average of Top Two Discounts - 0.025
Product 167: Name - Sword Pick Asst, Average of Top Two Discounts - 0.030000000000000002
Product 168: Name - Cake - Sheet Strawberry, Average of Top Two Discounts - 0.0
Product 169: Name - Tuna - Sushi Grade, Average of Top Two Discounts - 0.035
Product 170: Name - Wine - Vovray Sec Domaine Huet, Average of Top Two Discounts - 0.05
Product 171: Name - Watercress, Average of Top Two Discounts - 0.060000000000000005
Product 172: Name - V8 Splash Strawberry Banana, Average of Top Two Discounts - 0.035
Product 173: Name - Syrup - Monin - Blue Curacao, Average of Top Two Discounts - 0.035
Product 174: Name - Sprouts - China Rose, Average of Top Two Discounts - 0.17500000000000002
Product 175: Name - Pears - Bosc, Average of Top Two Discounts - 0.07500000000000001
Product 176: Name - Beef - Ox Tongue, Average of Top Two Discounts - 0.25
Product 177: Name - Buttons, Average of Top Two Discounts - 0.025
Product 178: Name - The Pop Shoppe - Root Beer, Average of Top Two Discounts - 0.3
Product 179: Name - Pork - Ground, Average of Top Two Discounts - 0.075
Product 180: Name - Wasabi Powder, Average of Top Two Discounts - 0.05
Product 181: Name - Milk 2% 500 Ml, Average of Top Two Discounts - 0.060000000000000005
Product 182: Name - Flavouring - Orange, Average of Top Two Discounts - 0.335
Product 183: Name - Juice - Orange Concentrate, Average of Top Two Discounts - 0.14
Product 184: Name - Bonito Flakes - Toku Katsuo, Average of Top Two Discounts - 0.060000000000000005
Product 185: Name - Bread - Bistro White, Average of Top Two Discounts - 0.07500000000000001
Product 186: Name - Bread - English Muffin, Average of Top Two Discounts - 0.025
Product 187: Name - Nantuket Peach Orange, Average of Top Two Discounts - 0.025
Product 188: Name - Currants, Average of Top Two Discounts - 0.035
Product 189: Name - Wine - Red Gallo Merlot, Average of Top Two Discounts - 0.060000000000000005
Product 190: Name - Cheese - Camembert, Average of Top Two Discounts - 0.085
Product 191: Name - Container - Hngd Cll Blk 7x7x3, Average of Top Two Discounts - 0.025
Product 192: Name - Tomatoes - Vine Ripe Red, Average of Top Two Discounts - 0.05
Product 193: Name - Durian Fruit, Average of Top Two Discounts - 0.025
Product 194: Name - Veal - Shank Pieces, Average of Top Two Discounts - 0.3
Product 195: Name - Container - Clear 32 Oz, Average of Top Two Discounts - 0.065
Product 196: Name - Soup - Campbells - Chicken Noodle, Average of Top Two Discounts - 0.07500000000000001
Product 197: Name - Rice - Aborio, Average of Top Two Discounts - 0.025
Product 198: Name - Wine - Fume Blanc Fetzer, Average of Top Two Discounts - 0.060000000000000005
Product 199: Name - Beef - Salted, Average of Top Two Discounts - 0.025
Product 200: Name - Pastry - French Mini Assorted, Average of Top Two Discounts - 0.045
Product 201: Name - Liners - Baking Cups, Average of Top Two Discounts - 0.025
Product 202: Name - Cookie - Oatmeal, Average of Top Two Discounts - 0.11000000000000001
Product 203: Name - Pastry - Banana Tea Loaf, Average of Top Two Discounts - 0.05
Product 204: Name - Broom And Brush Rack Black, Average of Top Two Discounts - 0.36
Product 205: Name - Fish - Bones, Average of Top Two Discounts - 0.0
Product 206: Name - Pie Shell - 5, Average of Top Two Discounts - 0.13
Product 207: Name - Wine - White Colubia Cresh, Average of Top Two Discounts - 0.08499999999999999
Product 208: Name - Celery Root, Average of Top Two Discounts - 0.14500000000000002
Product 209: Name - Longos - Greek Salad, Average of Top Two Discounts - 0.05
Product 210: Name - Puree - Raspberry, Average of Top Two Discounts - 0.12
Product 211: Name - Calvados - Boulard, Average of Top Two Discounts - 0.165
Product 212: Name - Scampi Tail, Average of Top Two Discounts - 0.035
Product 213: Name - Island Oasis - Ice Cream Mix, Average of Top Two Discounts - 0.060000000000000005
Product 214: Name - Plasticforkblack, Average of Top Two Discounts - 0.0
Product 215: Name - Bread - 10 Grain Parisian, Average of Top Two Discounts - 0.02
Product 216: Name - Kale - Red, Average of Top Two Discounts - 0.075
Product 217: Name - Wine - Casillero Deldiablo, Average of Top Two Discounts - 0.05
Product 218: Name - Maintenance Removal Charge, Average of Top Two Discounts - 0.0
Product 219: Name - Tea - Mint, Average of Top Two Discounts - 0.035
Product 220: Name - Cookie - Oreo 100x2, Average of Top Two Discounts - 0.12
Product 221: Name - Compound - Pear, Average of Top Two Discounts - 0.035
Product 222: Name - The Pop Shoppe Pinapple, Average of Top Two Discounts - 0.07500000000000001
Product 223: Name - Tarragon - Primerba Paste, Average of Top Two Discounts - 0.07
Product 224: Name - Straw - Regular, Average of Top Two Discounts - 0.060000000000000005
Product 225: Name - Mussels - Cultivated, Average of Top Two Discounts - 0.05
Product 226: Name - Beef - Top Butt Aaa, Average of Top Two Discounts - 0.05
Product 227: Name - Beer - Sleemans Honey Brown, Average of Top Two Discounts - 0.15
Product 228: Name - Bread - Pumpernickle Rounds, Average of Top Two Discounts - 0.135
Product 229: Name - Cheese - Cheddar With Claret, Average of Top Two Discounts - 0.085
Product 230: Name - Orange Roughy 6/8 Oz, Average of Top Two Discounts - 0.0
Product 231: Name - Quiche Assorted, Average of Top Two Discounts - 0.035
Product 232: Name - Cherries - Fresh, Average of Top Two Discounts - 0.05
Product 233: Name - Appetizer - Cheese Bites, Average of Top Two Discounts - 0.07500000000000001
Product 234: Name - Wine - Barossa Valley Estate, Average of Top Two Discounts - 0.05
Product 235: Name - External Supplier, Average of Top Two Discounts - 0.060000000000000005
Product 236: Name - The Pop Shoppe Pinapple, Average of Top Two Discounts - 0.07500000000000001
Product 237: Name - Wine - Red Gallo Merlot, Average of Top Two Discounts - 0.07500000000000001
Product 238: Name - Beef - Top Butt Aaa, Average of Top Two Discounts - 0.0
Product 239: Name - Yoghurt Tubes, Average of Top Two Discounts - 0.07
Product 240: Name - Fudge - Chocolate Fudge, Average of Top Two Discounts - 0.025
Product 241: Name - Pickles - Gherkins, Average of Top Two Discounts - 0.0
Product 242: Name - Chef Hat 25cm, Average of Top Two Discounts - 0.14500000000000002
Product 243: Name - Wheat - Soft Kernal Of Wheat, Average of Top Two Discounts - 0.0
Product 244: Name - Soup - Campbells Chili Veg, Average of Top Two Discounts - 0.035
Product 245: Name - Bread - Granary Small Pull, Average of Top Two Discounts - 0.060000000000000005
Product 246: Name - Bananas, Average of Top Two Discounts - 0.060000000000000005
Product 247: Name - Glaze - Apricot, Average of Top Two Discounts - 0.0
Product 248: Name - Wine - Taylors Reserve, Average of Top Two Discounts - 0.05
Product 249: Name - Cheese - Havarti Salsa, Average of Top Two Discounts - 0.07500000000000001
Product 250: Name - Nori Sea Weed - Gold Label, Average of Top Two Discounts - 0.07500000000000001
Product 251: Name - Wine La Vielle Ferme Cote Du, Average of Top Two Discounts - 0.275
Product 252: Name - Coffee - Frthy Coffee Crisp, Average of Top Two Discounts - 0.060000000000000005
Product 253: Name - Marjoram - Dried Rubbed, Average of Top Two Discounts - 0.025
Product 254: Name - The Pop Shoppe Pinapple, Average of Top Two Discounts - 0.1
Product 255: Name - Crawfish, Average of Top Two Discounts - 0.12000000000000001
Product 256: Name - Pork - Bacon Double Smoked, Average of Top Two Discounts - 0.025
Product 257: Name - Beer - Upper Canada Light, Average of Top Two Discounts - 0.025
Product 258: Name - Napkin - Beverge White 2 - Ply, Average of Top Two Discounts - 0.060000000000000005
Product 259: Name - Wine - Vineland Estate Semi - Dry, Average of Top Two Discounts - 0.060000000000000005
Product 260: Name - Scrubbie - Scotchbrite Hand Pad, Average of Top Two Discounts - 0.025
Product 261: Name - Kellogs Raisan Bran Bars, Average of Top Two Discounts - 0.025
Product 262: Name - Wine - Rubyport, Average of Top Two Discounts - 0.11
Product 263: Name - Pumpkin, Average of Top Two Discounts - 0.13
Product 264: Name - Brandy Cherry - Mcguinness, Average of Top Two Discounts - 0.060000000000000005
Product 265: Name - Wine - Soave Folonari, Average of Top Two Discounts - 0.12
Product 266: Name - Tomatoes - Cherry, Average of Top Two Discounts - 0.025
Product 267: Name - Mousse - Banana Chocolate, Average of Top Two Discounts - 0.05
Product 268: Name - Cheese - Brick With Pepper, Average of Top Two Discounts - 0.11
Product 269: Name - Flour - Chickpea, Average of Top Two Discounts - 0.025
Product 270: Name - Tart Shells - Savory 2, Average of Top Two Discounts - 0.025
Product 271: Name - Clams - Bay, Average of Top Two Discounts - 0.14
Product 272: Name - Honey - Comb, Average of Top Two Discounts - 0.035
Product 273: Name - Thyme - Dried, Average of Top Two Discounts - 0.035
Product 274: Name - V8 Splash Strawberry Kiwi, Average of Top Two Discounts - 0.035
Product 275: Name - Jameson Irish Whiskey, Average of Top Two Discounts - 0.025
Product 276: Name - Lemonade - Pineapple Passion, Average of Top Two Discounts - 0.025
Product 277: Name - Coconut - Creamed Pure, Average of Top Two Discounts - 0.060000000000000005
Product 278: Name - Pepper - Chillies Crushed, Average of Top Two Discounts - 0.060000000000000005
Product 279: Name - Petit Baguette, Average of Top Two Discounts - 0.025
Product 280: Name - Juice - Apple 500 Ml, Average of Top Two Discounts - 0.265
Product 281: Name - Onions - Spanish, Average of Top Two Discounts - 0.05
Product 282: Name - Wine - Carmenere Casillero Del, Average of Top Two Discounts - 0.05
Product 283: Name - Chips Potato All Dressed - 43g, Average of Top Two Discounts - 0.005
Product 284: Name - Pastrami, Average of Top Two Discounts - 0.0
Product 285: Name - Sobe - Green Tea, Average of Top Two Discounts - 0.05
Product 286: Name - Cheese - La Sauvagine, Average of Top Two Discounts - 0.1
Product 287: Name - Jicama, Average of Top Two Discounts - 0.035
Product 288: Name - Wine - Sicilia Igt Nero Avola, Average of Top Two Discounts - 0.05
Product 289: Name - Ginger - Crystalized, Average of Top Two Discounts - 0.025
Product 290: Name - Blue Curacao - Marie Brizard, Average of Top Two Discounts - 0.060000000000000005
Product 291: Name - Pail - 15l White With Handle, Average of Top Two Discounts - 0.060000000000000005
Product 292: Name - Pork - Kidney, Average of Top Two Discounts - 0.0
Product 293: Name - Table Cloth - 53x69 Colour, Average of Top Two Discounts - 0.025
Product 294: Name - Ostrich - Prime Cut, Average of Top Two Discounts - 0.060000000000000005
Product 295: Name - Potatoes - Peeled, Average of Top Two Discounts - 0.0
Product 296: Name - Fish - Artic Char Cold Smoked, Average of Top Two Discounts - 0.025
Product 297: Name - Oil - Canola, Average of Top Two Discounts - 0.060000000000000005
Product 298: Name - Bread - English Muffin, Average of Top Two Discounts - 0.05
Product 299: Name - Table Cloth 120 Round White, Average of Top Two Discounts - 0.025
Product 300: Name - Pork Ham Prager, Average of Top Two Discounts - 0.060000000000000005
Product 301: Name - Dc - Frozen Momji, Average of Top Two Discounts - 0.060000000000000005
Product 302: Name - Yeast Dry - Fermipan, Average of Top Two Discounts - 0.0
Product 303: Name - Veal Inside - Provimi, Average of Top Two Discounts - 0.035
Product 304: Name - Pepper - Chillies Crushed, Average of Top Two Discounts - 0.025
Product 305: Name - Chef Hat 20cm, Average of Top Two Discounts - 0.025
Product 306: Name - Oil - Olive Extra Virgin, Average of Top Two Discounts - 0.025
Product 307: Name - Basil - Thai, Average of Top Two Discounts - 0.025
Product 308: Name - Fennel - Seeds, Average of Top Two Discounts - 0.025
Product 309: Name - Gingerale - Schweppes 355 Ml, Average of Top Two Discounts - 0.1
Product 310: Name - Duck - Whole, Average of Top Two Discounts - 0.0
Product 311: Name - Truffle - Whole Black Peeled, Average of Top Two Discounts - 0.125
Product 312: Name - Lobak, Average of Top Two Discounts - 0.0
Product 313: Name - Pasta - Linguini Dry, Average of Top Two Discounts - 0.025
Product 314: Name - Plate Foam Laminated 9in Blk, Average of Top Two Discounts - 0.115
Product 315: Name - Pasta - Penne Lisce Dry, Average of Top Two Discounts - 0.0
Product 316: Name - Chocolate - Milk Callets, Average of Top Two Discounts - 0.015
Product 317: Name - Bagel - Ched Chs Presliced, Average of Top Two Discounts - 0.0
Product 318: Name - Horseradish Root, Average of Top Two Discounts - 0.155
Product 319: Name - Bamboo Shoots - Sliced, Average of Top Two Discounts - 0.04
Product 320: Name - Sauce - Oyster, Average of Top Two Discounts - 0.025
Product 321: Name - Cotton Wet Mop 16 Oz, Average of Top Two Discounts - 0.0
Product 322: Name - Cheese - Marble, Average of Top Two Discounts - 0.085
Product 323: Name - Wine - Cotes Du Rhone Parallele, Average of Top Two Discounts - 0.060000000000000005
Product 324: Name - Mop Head - Cotton 24 Oz, Average of Top Two Discounts - 0.07500000000000001
Product 325: Name - Eggwhite Frozen, Average of Top Two Discounts - 0.060000000000000005
Product 326: Name - Truffle Cups - Brown, Average of Top Two Discounts - 0.025
Product 327: Name - Muskox - French Rack, Average of Top Two Discounts - 0.060000000000000005
Product 328: Name - Sprite Diet - 355ml, Average of Top Two Discounts - 0.125
Product 329: Name - Burger Veggie, Average of Top Two Discounts - 0.060000000000000005
Product 330: Name - Food Colouring - Orange, Average of Top Two Discounts - 0.060000000000000005
Product 331: Name - Truffle Cups - White Paper, Average of Top Two Discounts - 0.060000000000000005
Product 332: Name - Ostrich - Prime Cut, Average of Top Two Discounts - 0.05
Product 333: Name - Sole - Iqf, Average of Top Two Discounts - 0.025
Product 334: Name - Muffin Batt - Carrot Spice, Average of Top Two Discounts - 0.0
Product 335: Name - Pork - Chop Frenched, Average of Top Two Discounts - 0.035
Product 336: Name - Bread - Roll Whole Wheat, Average of Top Two Discounts - 0.055
Product 337: Name - Island Oasis - Peach Daiquiri, Average of Top Two Discounts - 0.07500000000000001
Product 338: Name - Cheese - Gouda, Average of Top Two Discounts - 0.07500000000000001
Product 339: Name - Food Colouring - Green, Average of Top Two Discounts - 0.025
Product 340: Name - Bread - White Sliced, Average of Top Two Discounts - 0.060000000000000005
Product 341: Name - Parsley - Fresh, Average of Top Two Discounts - 0.060000000000000005
Product 342: Name - Pop - Club Soda Can, Average of Top Two Discounts - 0.0
Product 343: Name - Muffin Hinge 117n, Average of Top Two Discounts - 0.025
Product 344: Name - Hipnotiq Liquor, Average of Top Two Discounts - 0.025
Product 345: Name - Jameson - Irish Whiskey, Average of Top Two Discounts - 0.060000000000000005
Product 346: Name - Peas Snow, Average of Top Two Discounts - 0.035
Product 347: Name - Soup - Knorr Ministrone, Average of Top Two Discounts - 0.05
Product 348: Name - Soup Campbells Split Pea And Ham, Average of Top Two Discounts - 0.05
Product 349: Name - Beef - Ox Tongue, Average of Top Two Discounts - 0.05
Product 350: Name - Water - Aquafina Vitamin, Average of Top Two Discounts - 0.045
Product 351: Name - Sesame Seed, Average of Top Two Discounts - 0.025
Product 352: Name - Wine - Soave Folonari, Average of Top Two Discounts - 0.060000000000000005
Product 353: Name - Pork - Ham Hocks - Smoked, Average of Top Two Discounts - 0.05
Product 354: Name - Cheese - Woolwich Goat Log, Average of Top Two Discounts - 0.1
Product 355: Name - Bread - Roll Calabrese, Average of Top Two Discounts - 0.060000000000000005
Product 356: Name - Pork - Smoked Back Bacon, Average of Top Two Discounts - 0.060000000000000005
Product 357: Name - Compound - Raspberry, Average of Top Two Discounts - 0.025
Product 358: Name - Mousse - Banana Chocolate, Average of Top Two Discounts - 0.025
Product 359: Name - Flour - Chickpea, Average of Top Two Discounts - 0.09
Product 360: Name - Wine - Baron De Rothschild, Average of Top Two Discounts - 0.025
Product 361: Name - Tart Shells - Savory 3, Average of Top Two Discounts - 0.060000000000000005
Product 362: Name - Gelatine Leaves - Envelopes, Average of Top Two Discounts - 0.0
Product 363: Name - Soup - Campbells Beef Barley, Average of Top Two Discounts - 0.065
Product 364: Name - Sugar - Sweet N Low Individual, Average of Top Two Discounts - 0.13
Product 365: Name - Flour - Fast / Rapid, Average of Top Two Discounts - 0.0
Product 366: Name - Flower - Leather Leaf Fern, Average of Top Two Discounts - 0.025
Product 367: Name - Potatoes - Mini Red, Average of Top Two Discounts - 0.0
Product 368: Name - Cheese - Brick With Pepper, Average of Top Two Discounts - 0.07500000000000001
Product 369: Name - Tea - Decaf 1 Cup, Average of Top Two Discounts - 0.07
Product 370: Name - Wine - Prosecco Valdobienne, Average of Top Two Discounts - 0.07
Product 371: Name - Wonton Wrappers, Average of Top Two Discounts - 0.025
Product 372: Name - Oranges, Average of Top Two Discounts - 0.275
Product 373: Name - Vodka - Smirnoff, Average of Top Two Discounts - 0.08499999999999999
Product 374: Name - Doilies - 7 Paper, Average of Top Two Discounts - 0.060000000000000005
Product 375: Name - Sauce - Vodka Blush, Average of Top Two Discounts - 0.025
Product 376: Name - Fruit Salad Deluxe, Average of Top Two Discounts - 0.035
Product 377: Name - Tray - 16in Rnd Blk, Average of Top Two Discounts - 0.05
Product 378: Name - Shallots, Average of Top Two Discounts - 0.05
Product 379: Name - Lobak, Average of Top Two Discounts - 0.095
Product 380: Name - The Pop Shoppe - Black Cherry, Average of Top Two Discounts - 0.025
Product 381: Name - Cheese - Le Cru Du Clocher, Average of Top Two Discounts - 0.15000000000000002
Product 382: Name - Bread - Sticks Thin Plain, Average of Top Two Discounts - 0.060000000000000005
Product 383: Name - Assorted Desserts, Average of Top Two Discounts - 0.13
Product 384: Name - Shrimp - 31/40, Average of Top Two Discounts - 0.025
Product 385: Name - Appetizer - Shrimp Puff, Average of Top Two Discounts - 0.12
Product 386: Name - Shortbread - Cookie Crumbs, Average of Top Two Discounts - 0.025
Product 387: Name - Sausage - Meat, Average of Top Two Discounts - 0.0
Product 388: Name - Raspberries - Frozen, Average of Top Two Discounts - 0.025
Product 389: Name - Carbonated Water - Lemon Lime, Average of Top Two Discounts - 0.075
Product 390: Name - Cookie Dough - Oatmeal Rasin, Average of Top Two Discounts - 0.07500000000000001
Product 391: Name - Coffee Cup 16oz Foam, Average of Top Two Discounts - 0.035
Product 392: Name - Cheese - Swiss, Average of Top Two Discounts - 0.07500000000000001
Product 393: Name - Flour - Whole Wheat, Average of Top Two Discounts - 0.05
Product 394: Name - Tobasco Sauce, Average of Top Two Discounts - 0.145
Product 395: Name - Vegetable - Base, Average of Top Two Discounts - 0.025
Product 396: Name - Macaroons - Two Bite Choc, Average of Top Two Discounts - 0.025
Product 397: Name - Iced Tea - Lemon 460 Ml, Average of Top Two Discounts - 0.12000000000000001
Product 398: Name - Cookie Chocolate Chip With, Average of Top Two Discounts - 0.0
Product 399: Name - Wine - Chardonnay Mondavi, Average of Top Two Discounts - 0.05
Product 400: Name - Kale - Red, Average of Top Two Discounts - 0.025
Product 401: Name - Chevere Logs, Average of Top Two Discounts - 0.05
Product 402: Name - Fondant - Icing, Average of Top Two Discounts - 0.05
Product 403: Name - Table Cloth 53x53 White, Average of Top Two Discounts - 0.08499999999999999
Product 404: Name - Soup - Campbells Asian Noodle, Average of Top Two Discounts - 0.055
Product 405: Name - Pate - Cognac, Average of Top Two Discounts - 0.035
Product 406: Name - Turnip - White, Average of Top Two Discounts - 0.0
Product 407: Name - Cheese - Woolwich Goat Log, Average of Top Two Discounts - 0.07500000000000001
Product 408: Name - Oil - Shortening - All - Purpose, Average of Top Two Discounts - 0.025
Product 409: Name - Thyme - Fresh, Average of Top Two Discounts - 0.0
Product 410: Name - Hagen Daza - Dk Choocolate, Average of Top Two Discounts - 0.18
Product 411: Name - Yoplait - Strawbrasp Peac, Average of Top Two Discounts - 0.025
Product 412: Name - Cream - 35%, Average of Top Two Discounts - 0.05
Product 413: Name - Lemon Balm - Fresh, Average of Top Two Discounts - 0.060000000000000005
Product 414: Name - Cheese - Grie Des Champ, Average of Top Two Discounts - 0.07500000000000001
Product 415: Name - Stock - Beef White, Average of Top Two Discounts - 0.025
Product 416: Name - Onions - Cippolini, Average of Top Two Discounts - 0.1
Product 417: Name - Beef - Tender Tips, Average of Top Two Discounts - 0.145
Product 418: Name - Beer - Guiness, Average of Top Two Discounts - 0.145
Product 419: Name - Soup - Campbells Beef Stew, Average of Top Two Discounts - 0.025
Product 420: Name - Soup - Chicken And Wild Rice, Average of Top Two Discounts - 0.035
Product 421: Name - Ice Cream - Life Savers, Average of Top Two Discounts - 0.060000000000000005
Product 422: Name - Pork - Backfat, Average of Top Two Discounts - 0.0
Product 423: Name - Pecan Raisin - Tarts, Average of Top Two Discounts - 0.09
Product 424: Name - Brocolinni - Gaylan Chinese, Average of Top Two Discounts - 0.12
Product 425: Name - Cheese - Manchego Spanish, Average of Top Two Discounts - 0.1
Product 426: Name - Mustard - Pommery, Average of Top Two Discounts - 0.035
Product 427: Name - Potatoes - Mini Red, Average of Top Two Discounts - 0.060000000000000005
Product 428: Name - Pastry - Carrot Muffin - Mini, Average of Top Two Discounts - 0.030000000000000002
Product 429: Name - Sparkling Wine - Rose Freixenet, Average of Top Two Discounts - 0.16999999999999998
Product 430: Name - Jam - Blackberry 20 Ml Jar, Average of Top Two Discounts - 0.060000000000000005
Product 431: Name - Stock - Fish, Average of Top Two Discounts - 0.060000000000000005
Product 432: Name - Poppy Seed, Average of Top Two Discounts - 0.05
Product 433: Name - Fond - Neutral, Average of Top Two Discounts - 0.07500000000000001
Product 434: Name - Artichoke - Fresh, Average of Top Two Discounts - 0.060000000000000005
Product 435: Name - Muffin - Zero Transfat, Average of Top Two Discounts - 0.0
Product 436: Name - Soup - Campbells Bean Medley, Average of Top Two Discounts - 0.025
Product 437: Name - Canadian Emmenthal, Average of Top Two Discounts - 0.055
Product 438: Name - Corn - On The Cob, Average of Top Two Discounts - 0.07500000000000001
Product 439: Name - Lamb Rack Frenched Australian, Average of Top Two Discounts - 0.025
Product 440: Name - Pastry - Baked Cinnamon Stick, Average of Top Two Discounts - 0.025
Product 441: Name - Tortillas - Flour 12, Average of Top Two Discounts - 0.08
Product 442: Name - Steampan - Lid For Half Size, Average of Top Two Discounts - 0.05
Product 443: Name - Capon - Breast Double Wing On, Average of Top Two Discounts - 0.0
Product 444: Name - Loquat, Average of Top Two Discounts - 0.035
Product 445: Name - Juice - Ocean Spray Cranberry, Average of Top Two Discounts - 0.05
Product 446: Name - Beef - Inside Round, Average of Top Two Discounts - 0.025
Product 447: Name - Pancetta, Average of Top Two Discounts - 0.05
Product 448: Name - Garlic - Elephant, Average of Top Two Discounts - 0.1
Product 449: Name - Ranchero - Primerba Paste, Average of Top Two Discounts - 0.05
Product 450: Name - Wine - Charddonnay Errazuriz, Average of Top Two Discounts - 0.05
Product 451: Name - Potatoes - Peeled, Average of Top Two Discounts - 0.025
Product 452: Name - Triple Sec - Mcguinness, Average of Top Two Discounts - 0.05
Product 453: Name - Longos - Penne With Pesto, Average of Top Two Discounts - 0.16
Product 454: Name - Onions - Red Pearl, Average of Top Two Discounts - 0.025
Product 455: Name - Pepper - Black Crushed, Average of Top Two Discounts - 0.025
Product 456: Name - Fond - Neutral, Average of Top Two Discounts - 0.060000000000000005
Product 457: Name - Beer - Paulaner Hefeweisse, Average of Top Two Discounts - 0.060000000000000005
Product 458: Name - Sage Derby, Average of Top Two Discounts - 0.060000000000000005
Product 459: Name - Pasta - Fusili Tri - Coloured, Average of Top Two Discounts - 0.025
Product 460: Name - Lady Fingers, Average of Top Two Discounts - 0.17
Product 461: Name - Pop - Club Soda Can, Average of Top Two Discounts - 0.025
Product 462: Name - Cardamon Ground, Average of Top Two Discounts - 0.05
Product 463: Name - Ice Cream - Life Savers, Average of Top Two Discounts - 0.15
Product 464: Name - Five Alive Citrus, Average of Top Two Discounts - 0.14
Product 465: Name - Bagel - 12 Grain Preslice, Average of Top Two Discounts - 0.05
Product 466: Name - Cheese - Augre Des Champs, Average of Top Two Discounts - 0.1
Product 467: Name - Chocolate - Milk Callets, Average of Top Two Discounts - 0.025
Product 468: Name - Tea Leaves - Oolong, Average of Top Two Discounts - 0.17
Product 469: Name - Chilli Paste Hot Sambal Oelek, Average of Top Two Discounts - 0.05
Product 470: Name - Red Cod Fillets - 225g, Average of Top Two Discounts - 0.035
Product 471: Name - Fuji Apples, Average of Top Two Discounts - 0.035
Product 472: Name - Bread - Assorted Rolls, Average of Top Two Discounts - 0.0
Product 473: Name - Cocktail Napkin Blue, Average of Top Two Discounts - 0.0
Product 474: Name - Soup - French Onion Dry, Average of Top Two Discounts - 0.05
Product 475: Name - Coffee - Irish Cream, Average of Top Two Discounts - 0.05
Product 476: Name - Glycerine, Average of Top Two Discounts - 0.025
Product 477: Name - Lobster - Base, Average of Top Two Discounts - 0.025
Product 478: Name - Milk - Skim, Average of Top Two Discounts - 0.12
Product 479: Name - Cookie Choc, Average of Top Two Discounts - 0.035
Product 480: Name - Beer - Steamwhistle, Average of Top Two Discounts - 0.025
Product 481: Name - Spinach - Spinach Leaf, Average of Top Two Discounts - 0.0
Product 482: Name - Chinese Foods - Chicken Wing, Average of Top Two Discounts - 0.025
Product 483: Name - Cranberries - Frozen, Average of Top Two Discounts - 0.135
Product 484: Name - Soup - Campbells Chili, Average of Top Two Discounts - 0.05
Product 485: Name - General Purpose Trigger, Average of Top Two Discounts - 0.16
Product 486: Name - Liqueur Banana Ramazzotti, Average of Top Two Discounts - 0.17500000000000002
Product 487: Name - Bagelers, Average of Top Two Discounts - 0.0
Product 488: Name - Chocolate Bar - Smarties, Average of Top Two Discounts - 0.05
Product 489: Name - Longos - Greek Salad, Average of Top Two Discounts - 0.25
Product 490: Name - Beer - Blue Light, Average of Top Two Discounts - 0.025
Product 491: Name - Ice Cream - Super Sandwich, Average of Top Two Discounts - 0.025
Product 492: Name - Bacardi Breezer - Tropical, Average of Top Two Discounts - 0.060000000000000005
Product 493: Name - Beef - Montreal Smoked Brisket, Average of Top Two Discounts - 0.07500000000000001
Product 494: Name - Sprouts Dikon, Average of Top Two Discounts - 0.035
Product 495: Name - Pasta - Bauletti Chicken White, Average of Top Two Discounts - 0.025
Product 496: Name - Chicken - Ground, Average of Top Two Discounts - 0.08
Product 497: Name - Wine - White French Cross, Average of Top Two Discounts - 0.060000000000000005
Product 498: Name - Appetizer - Tarragon Chicken, Average of Top Two Discounts - 0.035
Product 499: Name - Phyllo Dough, Average of Top Two Discounts - 0.025
Product 500: Name - Cheese - Camembert, Average of Top Two Discounts - 0.07500000000000001
Product 501: Name - Jam - Raspberry, Average of Top Two Discounts - 0.005
Product 502: Name - Wine - Pinot Noir Mondavi Coastal, Average of Top Two Discounts - 0.18
Product 503: Name - Creamers - 10%, Average of Top Two Discounts - 0.025
Product 504: Name - Wine - Chablis 2003 Champs, Average of Top Two Discounts - 0.060000000000000005
Product 505: Name - Wine - Rosso Del Veronese Igt, Average of Top Two Discounts - 0.060000000000000005
Product 506: Name - Filter - Coffee, Average of Top Two Discounts - 0.060000000000000005
Product 507: Name - Ice Cream Bar - Oreo Sandwich, Average of Top Two Discounts - 0.025
Product 508: Name - Ham - Proscuitto, Average of Top Two Discounts - 0.28500000000000003
Product 509: Name - Juice - Apple 341 Ml, Average of Top Two Discounts - 0.155
Product 510: Name - Magnotta Bel Paese Red, Average of Top Two Discounts - 0.025
Product 511: Name - Sauce Bbq Smokey, Average of Top Two Discounts - 0.0
Product 512: Name - Mix Pina Colada, Average of Top Two Discounts - 0.060000000000000005
Product 513: Name - Chicken - Whole Roasting, Average of Top Two Discounts - 0.025
Product 514: Name - Sprouts - Peppercress, Average of Top Two Discounts - 0.07500000000000001
Product 515: Name - Sugar Thermometer, Average of Top Two Discounts - 0.025
Product 516: Name - Butter - Pod, Average of Top Two Discounts - 0.060000000000000005
Product 517: Name - Garam Marsala, Average of Top Two Discounts - 0.035
Product 518: Name - Mudslide, Average of Top Two Discounts - 0.025
Product 519: Name - Ecolab - Ster Bac, Average of Top Two Discounts - 0.05
Product 520: Name - Noodles - Cellophane Thin, Average of Top Two Discounts - 0.0
Product 521: Name - Appetizer - Southwestern, Average of Top Two Discounts - 0.035
Product 522: Name - Thyme - Dried, Average of Top Two Discounts - 0.025
Product 523: Name - Coffee - French Vanilla Frothy, Average of Top Two Discounts - 0.10500000000000001
Product 524: Name - Ecolab - Solid Fusion, Average of Top Two Discounts - 0.0
Product 525: Name - Sour Puss - Tangerine, Average of Top Two Discounts - 0.05
Product 526: Name - Napkin Colour, Average of Top Two Discounts - 0.0
Product 527: Name - Passion Fruit, Average of Top Two Discounts - 0.035
Product 528: Name - Beef - Tenderloin Tails, Average of Top Two Discounts - 0.05
Product 529: Name - Calypso - Strawberry Lemonade, Average of Top Two Discounts - 0.065
Product 530: Name - Soupfoamcont12oz 112con, Average of Top Two Discounts - 0.060000000000000005
Product 531: Name - Fudge - Cream Fudge, Average of Top Two Discounts - 0.14
Product 532: Name - Gingerale - Diet - Schweppes, Average of Top Two Discounts - 0.12000000000000001
Product 533: Name - Trueblue - Blueberry 12x473ml, Average of Top Two Discounts - 0.0
Product 534: Name - Calypso - Black Cherry Lemonade, Average of Top Two Discounts - 0.07500000000000001
Product 535: Name - Puree - Raspberry, Average of Top Two Discounts - 0.10500000000000001
Product 536: Name - Pate - Cognac, Average of Top Two Discounts - 0.0
Product 537: Name - Hipnotiq Liquor, Average of Top Two Discounts - 0.0
Product 538: Name - Icecream - Dstk Cml And Fdg, Average of Top Two Discounts - 0.11
Product 539: Name - Muffin Mix - Carrot, Average of Top Two Discounts - 0.09
Product 540: Name - Mushroom - Morels Dry, Average of Top Two Discounts - 0.07500000000000001
Product 541: Name - Foie Gras, Average of Top Two Discounts - 0.05
Product 542: Name - Pepperoni Slices, Average of Top Two Discounts - 0.05
Product 543: Name - Cake - Sheet Strawberry, Average of Top Two Discounts - 0.035
Product 544: Name - Mahi Mahi, Average of Top Two Discounts - 0.05
Product 545: Name - Beans - Yellow, Average of Top Two Discounts - 0.0
Product 546: Name - Mushrooms - Honey, Average of Top Two Discounts - 0.025
Product 547: Name - Longos - Lasagna Beef, Average of Top Two Discounts - 0.035
Product 548: Name - Food Colouring - Blue, Average of Top Two Discounts - 0.0
Product 549: Name - Veal - Provimi Inside, Average of Top Two Discounts - 0.035
Product 550: Name - Olive - Spread Tapenade, Average of Top Two Discounts - 0.05
Product 551: Name - Foil - Round Foil, Average of Top Two Discounts - 0.05
Product 552: Name - Scallops - U - 10, Average of Top Two Discounts - 0.25
Product 553: Name - Bag - Bread White Plain, Average of Top Two Discounts - 0.0
Product 554: Name - Carbonated Water - Raspberry, Average of Top Two Discounts - 0.05
Product 555: Name - Wine - Segura Viudas Aria Brut, Average of Top Two Discounts - 0.060000000000000005
Product 556: Name - Amarula Cream, Average of Top Two Discounts - 0.155
Product 557: Name - Salmon - Atlantic No Skin, Average of Top Two Discounts - 0.060000000000000005
Product 558: Name - Sugar Thermometer, Average of Top Two Discounts - 0.035
Product 559: Name - Liqueur - Melon, Average of Top Two Discounts - 0.11
Product 560: Name - Madeira, Average of Top Two Discounts - 0.035
Product 561: Name - Flower - Commercial Spider, Average of Top Two Discounts - 0.025
Product 562: Name - Capon - Breast Double Wing On, Average of Top Two Discounts - 0.05
Product 563: Name - Smoked Tongue, Average of Top Two Discounts - 0.060000000000000005
Product 564: Name - Apple - Fuji, Average of Top Two Discounts - 0.025
Product 565: Name - Pork - Bacon Double Smoked, Average of Top Two Discounts - 0.025
Product 566: Name - Island Oasis - Peach Daiquiri, Average of Top Two Discounts - 0.05
Product 567: Name - Pepper - Chipotle Canned, Average of Top Two Discounts - 0.0
Product 568: Name - Wine - Duboeuf Beaujolais, Average of Top Two Discounts - 0.05
Product 569: Name - Soup - Knorr Classic Can. Chili, Average of Top Two Discounts - 0.05
Product 570: Name - Water - Spring Water 355 Ml, Average of Top Two Discounts - 0.05
Product 571: Name - Onions - Green, Average of Top Two Discounts - 0.275
Product 572: Name - Rice - Jasmine Sented, Average of Top Two Discounts - 0.035
Product 573: Name - Snapple Lemon Tea, Average of Top Two Discounts - 0.060000000000000005
Product 574: Name - Nut - Cashews Whole Raw, Average of Top Two Discounts - 0.05
Product 575: Name - Bread - Triangle White, Average of Top Two Discounts - 0.07500000000000001
Product 576: Name - Pasta - Rotini Colour Dry, Average of Top Two Discounts - 0.025
Product 577: Name - Milk - Skim, Average of Top Two Discounts - 0.09
Product 578: Name - Beans - Green, Average of Top Two Discounts - 0.07500000000000001
Product 579: Name - Longos - Lasagna Beef, Average of Top Two Discounts - 0.060000000000000005
Product 580: Name - Bread - Olive Dinner Roll, Average of Top Two Discounts - 0.05
Product 581: Name - Soup - French Can Pea, Average of Top Two Discounts - 0.060000000000000005
Product 582: Name - Corn Meal, Average of Top Two Discounts - 0.145
Product 583: Name - Jerusalem Artichoke, Average of Top Two Discounts - 0.025
Product 584: Name - Ocean Spray - Kiwi Strawberry, Average of Top Two Discounts - 0.060000000000000005
Product 585: Name - Silicone Parch. 16.3x24.3, Average of Top Two Discounts - 0.025
Product 586: Name - Sachet, Average of Top Two Discounts - 0.11
Product 587: Name - Spaghetti Squash, Average of Top Two Discounts - 0.12
Product 588: Name - Coffee Beans - Chocolate, Average of Top Two Discounts - 0.060000000000000005
Product 589: Name - Bread - Flat Bread, Average of Top Two Discounts - 0.060000000000000005
Product 590: Name - Egg Patty Fried, Average of Top Two Discounts - 0.11499999999999999
Product 591: Name - Grenadillo, Average of Top Two Discounts - 0.05
Product 592: Name - Island Oasis - Peach Daiquiri, Average of Top Two Discounts - 0.035
Product 593: Name - Marsala - Sperone Fine D.o.c., Average of Top Two Discounts - 0.135
Product 594: Name - Snapple - Mango Maddness, Average of Top Two Discounts - 0.11
Product 595: Name - Wine - Sake, Average of Top Two Discounts - 0.09
Product 596: Name - Bread - Sticks Thin Plain, Average of Top Two Discounts - 0.035
Product 597: Name - Sugar - Fine, Average of Top Two Discounts - 0.165
Product 598: Name - Snapple Lemon Tea, Average of Top Two Discounts - 0.0
Product 599: Name - Trout - Rainbow Fresh, Average of Top Two Discounts - 0.035
Product 600: Name - Chutney Sauce - Mango, Average of Top Two Discounts - 0.05
Product 601: Name - Wine - Placido Pinot Grigo, Average of Top Two Discounts - 0.05
Product 602: Name - Lobster - Live, Average of Top Two Discounts - 0.05
Product 603: Name - Pastry - Key Limepoppy Seed Tea, Average of Top Two Discounts - 0.15
Product 604: Name - Pepper - Julienne Frozen, Average of Top Two Discounts - 0.025
Product 605: Name - Tomatoes, Average of Top Two Discounts - 0.060000000000000005
Product 606: Name - Water - Evian 355 Ml, Average of Top Two Discounts - 0.1
Product 607: Name - Beer - Maudite, Average of Top Two Discounts - 0.05
Product 608: Name - Bouillion - Fish, Average of Top Two Discounts - 0.025
Product 609: Name - Edible Flower - Mixed, Average of Top Two Discounts - 0.060000000000000005
Product 610: Name - Split Peas - Green Dry, Average of Top Two Discounts - 0.145
Product 611: Name - Fib N9 - Prague Powder, Average of Top Two Discounts - 0.0
Product 612: Name - Pickle - Dill, Average of Top Two Discounts - 0.12000000000000001
Product 613: Name - Truffle Cups - Red, Average of Top Two Discounts - 0.16
Product 614: Name - Broom - Angled, Average of Top Two Discounts - 0.0
Product 615: Name - Juice - Tomato 48 Oz, Average of Top Two Discounts - 0.05
Product 616: Name - Sauce - Plum, Average of Top Two Discounts - 0.035
Product 617: Name - Wine - Red Cabernet Merlot, Average of Top Two Discounts - 0.05
Product 618: Name - Cheese - Brie Cups 125g, Average of Top Two Discounts - 0.085
Product 619: Name - Horseradish Root, Average of Top Two Discounts - 0.07500000000000001
Product 620: Name - Turnip - Wax, Average of Top Two Discounts - 0.05
Product 621: Name - Cumin - Ground, Average of Top Two Discounts - 0.275
Product 622: Name - Yogurt - Blueberry 175 Gr, Average of Top Two Discounts - 0.025
Product 623: Name - Cinnamon Rolls, Average of Top Two Discounts - 0.12
Product 624: Name - Wine - Vineland Estate Semi - Dry, Average of Top Two Discounts - 0.15000000000000002
Product 625: Name - Dome Lid Clear P92008h, Average of Top Two Discounts - 0.05
Product 626: Name - Beef - Cow Feet Split, Average of Top Two Discounts - 0.025
Product 627: Name - Mahi Mahi, Average of Top Two Discounts - 0.025
Product 628: Name - Horseradish Root, Average of Top Two Discounts - 0.065
Product 629: Name - Bread - Sour Batard, Average of Top Two Discounts - 0.025
Product 630: Name - Sprite Diet - 355ml, Average of Top Two Discounts - 0.025
Product 631: Name - Eggplant Italian, Average of Top Two Discounts - 0.04
Product 632: Name - Pasta - Bauletti Chicken White, Average of Top Two Discounts - 0.025
Product 633: Name - Pastry - Key Limepoppy Seed Tea, Average of Top Two Discounts - 0.07500000000000001
Product 634: Name - Veal - Tenderloin Untrimmed, Average of Top Two Discounts - 0.07
Product 635: Name - Bag - Regular Kraft 20 Lb, Average of Top Two Discounts - 0.060000000000000005
Product 636: Name - Crackers - Soda / Saltins, Average of Top Two Discounts - 0.035
Product 637: Name - Oysters - Smoked, Average of Top Two Discounts - 0.0
Product 638: Name - Water - Mineral Natural, Average of Top Two Discounts - 0.06
Product 639: Name - Beef - Salted, Average of Top Two Discounts - 0.0
Product 640: Name - Wine - Baron De Rothschild, Average of Top Two Discounts - 0.05
Product 641: Name - Juice - Pineapple 341 Ml, Average of Top Two Discounts - 0.025
Product 642: Name - Ice Cream Bar - Oreo Sandwich, Average of Top Two Discounts - 0.10500000000000001
Product 643: Name - Beef - Roasted Cooked, Average of Top Two Discounts - 0.035
Product 644: Name - Dates, Average of Top Two Discounts - 0.0
Product 645: Name - Spice - Onion Powder Granulated, Average of Top Two Discounts - 0.025
Product 646: Name - Creme De Cacao White, Average of Top Two Discounts - 0.060000000000000005
Product 647: Name - Oil - Olive, Average of Top Two Discounts - 0.275
Product 648: Name - Wine - White Concha Y Toro, Average of Top Two Discounts - 0.095
Product 649: Name - Wine - Bourgogne 2002 La, Average of Top Two Discounts - 0.025
Product 650: Name - Bread - Rye, Average of Top Two Discounts - 0.08
Product 651: Name - Filter - Coffee, Average of Top Two Discounts - 0.060000000000000005
Product 652: Name - Pasta - Lasagne Fresh, Average of Top Two Discounts - 0.0
Product 653: Name - Gherkin, Average of Top Two Discounts - 0.0
Product 654: Name - Swordfish Loin Portions, Average of Top Two Discounts - 0.10500000000000001
Product 655: Name - Sausage - Chorizo, Average of Top Two Discounts - 0.07500000000000001
Product 656: Name - Sauce - Soy Low Sodium - 3.87l, Average of Top Two Discounts - 0.0
Product 657: Name - Hinge W Undercut, Average of Top Two Discounts - 0.10500000000000001
Product 658: Name - Wine - Fino Tio Pepe Gonzalez, Average of Top Two Discounts - 0.060000000000000005
Product 659: Name - Container - Foam Dixie 12 Oz, Average of Top Two Discounts - 0.030000000000000002
Product 660: Name - Pastry - Baked Cinnamon Stick, Average of Top Two Discounts - 0.065
Product 661: Name - Appetizer - Crab And Brie, Average of Top Two Discounts - 0.035
Product 662: Name - Carbonated Water - White Grape, Average of Top Two Discounts - 0.08
Product 663: Name - Wine - Vineland Estate Semi - Dry, Average of Top Two Discounts - 0.05
Product 664: Name - Tomatoes - Yellow Hot House, Average of Top Two Discounts - 0.05
Product 665: Name - Ice Cream - Turtles Stick Bar, Average of Top Two Discounts - 0.025
Product 666: Name - Lobster - Canned Premium, Average of Top Two Discounts - 0.07
Product 667: Name - Tomatoes - Heirloom, Average of Top Two Discounts - 0.05
Product 668: Name - Bread - Sour Batard, Average of Top Two Discounts - 0.105
Product 669: Name - Cheese - Briedanish, Average of Top Two Discounts - 0.05
Product 670: Name - Oil - Sunflower, Average of Top Two Discounts - 0.10500000000000001
Product 671: Name - Milkettes - 2%, Average of Top Two Discounts - 0.0
Product 672: Name - Mushroom - Shitake Dry, Average of Top Two Discounts - 0.05
Product 673: Name - Langers - Ruby Red Grapfruit, Average of Top Two Discounts - 0.0
Product 674: Name - Coffee - Frthy Coffee Crisp, Average of Top Two Discounts - 0.12000000000000001
Product 675: Name - Wine - Touraine Azay - Le - Rideau, Average of Top Two Discounts - 0.11000000000000001
Product 676: Name - Nantucket - 518ml, Average of Top Two Discounts - 0.060000000000000005
Product 677: Name - Bar Mix - Lime, Average of Top Two Discounts - 0.035
Product 678: Name - Brandy Apricot, Average of Top Two Discounts - 0.0
Product 679: Name - Bread - English Muffin, Average of Top Two Discounts - 0.155
Product 680: Name - Chevril, Average of Top Two Discounts - 0.060000000000000005
Product 681: Name - Cocoa Feuilletine, Average of Top Two Discounts - 0.045
Product 682: Name - Spinach - Packaged, Average of Top Two Discounts - 0.035
Product 683: Name - Tea - Jasmin Green, Average of Top Two Discounts - 0.025
Product 684: Name - The Pop Shoppe - Root Beer, Average of Top Two Discounts - 0.0
Product 685: Name - Onions - Cippolini, Average of Top Two Discounts - 0.07500000000000001
Product 686: Name - Wine - Magnotta - Cab Franc, Average of Top Two Discounts - 0.025
Product 687: Name - Chicken - Tenderloin, Average of Top Two Discounts - 0.05
Product 688: Name - Scallops - 10/20, Average of Top Two Discounts - 0.0
Product 689: Name - Wine - Vovray Sec Domaine Huet, Average of Top Two Discounts - 0.025
Product 690: Name - Lime Cordial - Roses, Average of Top Two Discounts - 0.060000000000000005
Product 691: Name - Muffin Hinge 117n, Average of Top Two Discounts - 0.05
Product 692: Name - Beer - True North Lager, Average of Top Two Discounts - 0.065
Product 693: Name - Wine - Red Pinot Noir Chateau, Average of Top Two Discounts - 0.05
Product 694: Name - Tomato Puree, Average of Top Two Discounts - 0.0
Product 695: Name - Pork - Ham Virginia, Average of Top Two Discounts - 0.025
Product 696: Name - Jerusalem Artichoke, Average of Top Two Discounts - 0.025
Product 697: Name - Wine - Touraine Azay - Le - Rideau, Average of Top Two Discounts - 0.05
Product 698: Name - Corn - Cream Canned, Average of Top Two Discounts - 0.025
Product 699: Name - Banana - Green, Average of Top Two Discounts - 0.025
Product 700: Name - Wine - White Ej, Average of Top Two Discounts - 0.07500000000000001
Product 701: Name - Beer - Fruli, Average of Top Two Discounts - 0.060000000000000005
Product 702: Name - Wine - Casillero Del Diablo, Average of Top Two Discounts - 0.135
Product 703: Name - Whmis Spray Bottle Graduated, Average of Top Two Discounts - 0.060000000000000005
Product 704: Name - Shrimp - 16 - 20 Cooked Peeled, Average of Top Two Discounts - 0.035
Product 705: Name - Water - Mineral Natural, Average of Top Two Discounts - 0.060000000000000005
Product 706: Name - Versatainer Nc - 8288, Average of Top Two Discounts - 0.025
Product 707: Name - Wine - Tribal Sauvignon, Average of Top Two Discounts - 0.07500000000000001
Product 708: Name - Beef - Diced, Average of Top Two Discounts - 0.035
Product 709: Name - Wine - Shiraz South Eastern, Average of Top Two Discounts - 0.025
Product 710: Name - Fruit Salad Deluxe, Average of Top Two Discounts - 0.060000000000000005
Product 711: Name - Pepper - Paprika Spanish, Average of Top Two Discounts - 0.05
Product 712: Name - Squid - Breaded, Average of Top Two Discounts - 0.025
Product 713: Name - Beef - Kobe Striploin, Average of Top Two Discounts - 0.0
Product 714: Name - Salmon - Atlantic No Skin, Average of Top Two Discounts - 0.060000000000000005
Product 715: Name - Juice - Cranberry 341 Ml, Average of Top Two Discounts - 0.05
Product 716: Name - Skirt - 29 Foot, Average of Top Two Discounts - 0.05
Product 717: Name - Lamb - Whole Frozen, Average of Top Two Discounts - 0.08499999999999999
Product 718: Name - Cheese - Havarti Roasted Garlic, Average of Top Two Discounts - 0.07500000000000001
Product 719: Name - Cheese - Goat, Average of Top Two Discounts - 0.175
Product 720: Name - Temperature Recording Station, Average of Top Two Discounts - 0.15000000000000002
Product 721: Name - Blueberries - Frozen, Average of Top Two Discounts - 0.0
Product 722: Name - Shallots, Average of Top Two Discounts - 0.025
Product 723: Name - Bar Mix - Lemon, Average of Top Two Discounts - 0.05
Product 724: Name - Vinegar - Balsamic White, Average of Top Two Discounts - 0.025
Product 725: Name - Pepper - Chipotle Canned, Average of Top Two Discounts - 0.05
Product 726: Name - Cheese - Marble, Average of Top Two Discounts - 0.1
Product 727: Name - Sauce - Ranch Dressing, Average of Top Two Discounts - 0.16
Product 728: Name - Milk - Chocolate 250 Ml, Average of Top Two Discounts - 0.025
Product 729: Name - Soup - Base Broth Chix, Average of Top Two Discounts - 0.165
Product 730: Name - Beef - Kindney Whole, Average of Top Two Discounts - 0.07500000000000001
Product 731: Name - Bread - White Sliced, Average of Top Two Discounts - 0.05
Product 732: Name - Wine - Pinot Noir Stoneleigh, Average of Top Two Discounts - 0.060000000000000005
Product 733: Name - Soup Campbells Split Pea And Ham, Average of Top Two Discounts - 0.125
Product 734: Name - Pike - Frozen Fillet, Average of Top Two Discounts - 0.0
Product 735: Name - Edible Flower - Mixed, Average of Top Two Discounts - 0.05
Product 736: Name - Bread - Corn Muffaleta Onion, Average of Top Two Discounts - 0.060000000000000005
Product 737: Name - Ginger - Fresh, Average of Top Two Discounts - 0.12000000000000001
Product 738: Name - Doilies - 7 Paper, Average of Top Two Discounts - 0.060000000000000005
Product 739: Name - Onions - White, Average of Top Two Discounts - 0.025
Product 740: Name - Container - Hngd Cll Blk 7x7x3, Average of Top Two Discounts - 0.035
Product 741: Name - Oxtail - Cut, Average of Top Two Discounts - 0.05
Product 742: Name - Juice Peach Nectar, Average of Top Two Discounts - 0.15000000000000002
Product 743: Name - Lamb Shoulder Boneless Nz, Average of Top Two Discounts - 0.035
Product 744: Name - Crab - Claws Snow 16 - 24, Average of Top Two Discounts - 0.05
Product 745: Name - Muffin - Mix - Mango Sour Cherry, Average of Top Two Discounts - 0.075
Product 746: Name - Soup - French Can Pea, Average of Top Two Discounts - 0.085
Product 747: Name - Pepper - Gypsy Pepper, Average of Top Two Discounts - 0.060000000000000005
Product 748: Name - Wooden Mop Handle, Average of Top Two Discounts - 0.025
Product 749: Name - Chilli Paste Ginger Garlic, Average of Top Two Discounts - 0.0
Product 750: Name - Tomatoes - Roma, Average of Top Two Discounts - 0.060000000000000005
Product 751: Name - Dried Peach, Average of Top Two Discounts - 0.14500000000000002
Product 752: Name - Lumpfish Black, Average of Top Two Discounts - 0.13
Product 753: Name - Lettuce Romaine Chopped, Average of Top Two Discounts - 0.060000000000000005
Product 754: Name - Danishes - Mini Raspberry, Average of Top Two Discounts - 0.035
Product 755: Name - Crush - Cream Soda, Average of Top Two Discounts - 0.025
Product 756: Name - Cream - 35%, Average of Top Two Discounts - 0.125
Product 757: Name - Sauerkraut, Average of Top Two Discounts - 0.060000000000000005
Product 758: Name - Cup Translucent 9 Oz, Average of Top Two Discounts - 0.125
Product 759: Name - Cheese - Parmesan Grated, Average of Top Two Discounts - 0.07500000000000001
Product 760: Name - Pastry - Mini French Pastries, Average of Top Two Discounts - 0.025
Product 761: Name - Cape Capensis - Fillet, Average of Top Two Discounts - 0.13
Product 762: Name - Ocean Spray - Ruby Red, Average of Top Two Discounts - 0.025
Product 763: Name - Veal - Insides Grains, Average of Top Two Discounts - 0.025
Product 764: Name - Squid - Breaded, Average of Top Two Discounts - 0.04
Product 765: Name - Initation Crab Meat, Average of Top Two Discounts - 0.025
Product 766: Name - Pate - Liver, Average of Top Two Discounts - 0.025
Product 767: Name - Pasta - Penne Rigate Dry, Average of Top Two Discounts - 0.1
Product 768: Name - Samosa - Veg, Average of Top Two Discounts - 0.035
Product 769: Name - Trueblue - Blueberry 12x473ml, Average of Top Two Discounts - 0.05
Product 770: Name - Wine - German Riesling, Average of Top Two Discounts - 0.17
Product 771: Name - Amarula Cream, Average of Top Two Discounts - 0.105
Product 772: Name - Pastrami, Average of Top Two Discounts - 0.0
Product 773: Name - Blue Curacao - Marie Brizard, Average of Top Two Discounts - 0.0
Product 774: Name - Straws - Cocktale, Average of Top Two Discounts - 0.155
Product 775: Name - Rabbit - Frozen, Average of Top Two Discounts - 0.135
Product 776: Name - Wine - Domaine Boyar Royal, Average of Top Two Discounts - 0.05
Product 777: Name - Tomatoes - Roma, Average of Top Two Discounts - 0.025
Product 778: Name - Pork - Loin Bone - In, Average of Top Two Discounts - 0.025
Product 779: Name - Beef - Ox Tongue Pickled, Average of Top Two Discounts - 0.175
Product 780: Name - Cup - Translucent 7 Oz Clear, Average of Top Two Discounts - 0.0
Product 781: Name - Canadian Emmenthal, Average of Top Two Discounts - 0.1
Product 782: Name - Propel Sport Drink, Average of Top Two Discounts - 0.035
Product 783: Name - Langers - Mango Nectar, Average of Top Two Discounts - 0.035
Product 784: Name - Sour Puss Sour Apple, Average of Top Two Discounts - 0.025
Product 785: Name - Pomello, Average of Top Two Discounts - 0.035
Product 786: Name - Cheese Cloth No 100, Average of Top Two Discounts - 0.07500000000000001
Product 787: Name - Bread Base - Italian, Average of Top Two Discounts - 0.05
Product 788: Name - Soup - Campbells Lentil, Average of Top Two Discounts - 0.16
Product 789: Name - Pepper - Black Crushed, Average of Top Two Discounts - 0.035
Product 790: Name - Salt - Seasoned, Average of Top Two Discounts - 0.155
Product 791: Name - Cheese - La Sauvagine, Average of Top Two Discounts - 0.085
Product 792: Name - Wine - Pinot Noir Latour, Average of Top Two Discounts - 0.060000000000000005
Product 793: Name - Sprouts - Peppercress, Average of Top Two Discounts - 0.025
Product 794: Name - Numi - Assorted Teas, Average of Top Two Discounts - 0.035
Product 795: Name - Sambuca Cream, Average of Top Two Discounts - 0.060000000000000005
Product 796: Name - Lemonade - Mandarin 591 Ml, Average of Top Two Discounts - 0.05
Product 797: Name - Melon - Watermelon Seedless, Average of Top Two Discounts - 0.035
Product 798: Name - Rice Paper, Average of Top Two Discounts - 0.08
Product 799: Name - Fruit Salad Deluxe, Average of Top Two Discounts - 0.05
Product 800: Name - Mortadella, Average of Top Two Discounts - 0.05
Product 801: Name - Sausage - Meat, Average of Top Two Discounts - 0.055
Product 802: Name - Wine - Fino Tio Pepe Gonzalez, Average of Top Two Discounts - 0.05
Product 803: Name - Cheese - St. Andre, Average of Top Two Discounts - 0.07500000000000001
Product 804: Name - Oil - Coconut, Average of Top Two Discounts - 0.025
Product 805: Name - Soup - Campbells Broccoli, Average of Top Two Discounts - 0.025
Product 806: Name - Cranberries - Dry, Average of Top Two Discounts - 0.025
Product 807: Name - Ezy Change Mophandle, Average of Top Two Discounts - 0.030000000000000002
Product 808: Name - Gherkin, Average of Top Two Discounts - 0.05
Product 809: Name - Carbonated Water - Raspberry, Average of Top Two Discounts - 0.15000000000000002
Product 810: Name - Cornstarch, Average of Top Two Discounts - 0.025
Product 811: Name - Iced Tea Concentrate, Average of Top Two Discounts - 0.05
Product 812: Name - Pasta - Rotini Colour Dry, Average of Top Two Discounts - 0.12
Product 813: Name - Sour Puss Raspberry, Average of Top Two Discounts - 0.05
Product 814: Name - Bread Country Roll, Average of Top Two Discounts - 0.025
Product 815: Name - Apple - Fuji, Average of Top Two Discounts - 0.07500000000000001
Product 816: Name - Soup - Boston Clam Chowder, Average of Top Two Discounts - 0.025
Product 817: Name - Trout - Smoked, Average of Top Two Discounts - 0.0
Product 818: Name - Beer - Camerons Cream Ale, Average of Top Two Discounts - 0.060000000000000005
Product 819: Name - Juice - Orange 341 Ml, Average of Top Two Discounts - 0.0
Product 820: Name - Pike - Frozen Fillet, Average of Top Two Discounts - 0.0
Product 821: Name - Crab - Imitation Flakes, Average of Top Two Discounts - 0.135
Product 822: Name - Bag Clear 10 Lb, Average of Top Two Discounts - 0.085
Product 823: Name - Wine - Mas Chicet Rose Vintage, Average of Top Two Discounts - 0.060000000000000005
Product 824: Name - Yoghurt Tubes, Average of Top Two Discounts - 0.025
Product 825: Name - Milk - Skim, Average of Top Two Discounts - 0.035
Product 826: Name - Toothpick Frilled, Average of Top Two Discounts - 0.16
Product 827: Name - Table Cloth 120 Round White, Average of Top Two Discounts - 0.0
Product 828: Name - Vinegar - Balsamic, Average of Top Two Discounts - 0.060000000000000005
Product 829: Name - Canadian Emmenthal, Average of Top Two Discounts - 0.07500000000000001
Product 830: Name - Cookies - Oreo 4 Pack, Average of Top Two Discounts - 0.0
Product 831: Name - Wine - Red Cooking, Average of Top Two Discounts - 0.060000000000000005
Product 832: Name - Appetizer - Asian Shrimp Roll, Average of Top Two Discounts - 0.060000000000000005
Product 833: Name - Rum - Cream Amarula, Average of Top Two Discounts - 0.025
Product 834: Name - Lettuce - Frisee, Average of Top Two Discounts - 0.145
Product 835: Name - Broom And Broom Rack White, Average of Top Two Discounts - 0.025
Product 836: Name - Squash - Acorn, Average of Top Two Discounts - 0.035
Product 837: Name - Water - Spring Water 355 Ml, Average of Top Two Discounts - 0.035
Product 838: Name - Beans - Black Bean Dry, Average of Top Two Discounts - 0.0
Product 839: Name - Gatorade - Orange, Average of Top Two Discounts - 0.0
Product 840: Name - Beer - Labatt Blue, Average of Top Two Discounts - 0.025
Product 841: Name - Soup - Campbells Beef Strogonoff, Average of Top Two Discounts - 0.05
Product 842: Name - Pears - Fiorelle, Average of Top Two Discounts - 0.1
Product 843: Name - Pumpkin - Seed, Average of Top Two Discounts - 0.1
Product 844: Name - Cookie Dough - Peanut Butter, Average of Top Two Discounts - 0.07
Product 845: Name - Cheese - Le Cheve Noir, Average of Top Two Discounts - 0.1
Product 846: Name - Seaweed Green Sheets, Average of Top Two Discounts - 0.025
Product 847: Name - Truffle Paste, Average of Top Two Discounts - 0.11
Product 848: Name - Mcguinness - Blue Curacao, Average of Top Two Discounts - 0.025
Product 849: Name - Sugar - White Packet, Average of Top Two Discounts - 0.025
Product 850: Name - Mushroom - Porcini Frozen, Average of Top Two Discounts - 0.02
Product 851: Name - Bread - Multigrain Loaf, Average of Top Two Discounts - 0.0
Product 852: Name - Wine - Magnotta White, Average of Top Two Discounts - 0.05
Product 853: Name - Southern Comfort, Average of Top Two Discounts - 0.11
Product 854: Name - Bread Base - Italian, Average of Top Two Discounts - 0.045000000000000005
Product 855: Name - Wine - Ruffino Chianti, Average of Top Two Discounts - 0.060000000000000005
Product 856: Name - Rice - 7 Grain Blend, Average of Top Two Discounts - 0.025
Product 857: Name - Split Peas - Yellow Dry, Average of Top Two Discounts - 0.0
Product 858: Name - Oil - Olive Bertolli, Average of Top Two Discounts - 0.05
Product 859: Name - Lamb - Whole Head Off, Average of Top Two Discounts - 0.12
Product 860: Name - Basil - Dry Rubbed, Average of Top Two Discounts - 0.035
Product 861: Name - Kiwi Gold Zespri, Average of Top Two Discounts - 0.0
Product 862: Name - Cheese - Marble, Average of Top Two Discounts - 0.09
Product 863: Name - Maple Syrup, Average of Top Two Discounts - 0.060000000000000005
Product 864: Name - Mushroom - Shitake Fresh, Average of Top Two Discounts - 0.025
Product 865: Name - Wine - Tio Pepe Sherry Fino, Average of Top Two Discounts - 0.05
Product 866: Name - Bread - Italian Roll With Herbs, Average of Top Two Discounts - 0.02
Product 867: Name - Sausage - Meat, Average of Top Two Discounts - 0.025
Product 868: Name - Cheese - Stilton, Average of Top Two Discounts - 0.085
Product 869: Name - Coconut - Whole, Average of Top Two Discounts - 0.025
Product 870: Name - Sauce Bbq Smokey, Average of Top Two Discounts - 0.16
Product 871: Name - Soup - Campbells Beef Noodle, Average of Top Two Discounts - 0.035
Product 872: Name - Pop - Club Soda Can, Average of Top Two Discounts - 0.025
Product 873: Name - Vinegar - Balsamic, Average of Top Two Discounts - 0.025
Product 874: Name - Soup - Verve - Chipotle Chicken, Average of Top Two Discounts - 0.05500000000000001
Product 875: Name - Wasabi Powder, Average of Top Two Discounts - 0.025
Product 876: Name - Beans - Turtle Black Dry, Average of Top Two Discounts - 0.0
Product 877: Name - Pastry - Mini French Pastries, Average of Top Two Discounts - 0.0
Product 878: Name - Muffin Mix - Oatmeal, Average of Top Two Discounts - 0.0
Product 879: Name - Pasta - Cheese / Spinach Bauletti, Average of Top Two Discounts - 0.085
Product 880: Name - 7up Diet 355 Ml, Average of Top Two Discounts - 0.060000000000000005
Product 881: Name - Soup Campbells Turkey Veg., Average of Top Two Discounts - 0.0
Product 882: Name - Muffin - Zero Transfat, Average of Top Two Discounts - 0.28500000000000003
Product 883: Name - Rum - White Gg White, Average of Top Two Discounts - 0.0
Product 884: Name - Arizona - Green Tea, Average of Top Two Discounts - 0.025
Product 885: Name - Tart Shells - Sweet 4, Average of Top Two Discounts - 0.0
Product 886: Name - Bread - Malt, Average of Top Two Discounts - 0.12000000000000001
Product 887: Name - Milk - Buttermilk, Average of Top Two Discounts - 0.03
Product 888: Name - Brandy - Orange Mc Guiness, Average of Top Two Discounts - 0.05
Product 889: Name - Wheat - Soft Kernal Of Wheat, Average of Top Two Discounts - 0.0
Product 890: Name - Snails - Large Canned, Average of Top Two Discounts - 0.08
Product 891: Name - Garbag Bags - Black, Average of Top Two Discounts - 0.060000000000000005
Product 892: Name - Persimmons, Average of Top Two Discounts - 0.025
Product 893: Name - Salmon Atl.whole 8 - 10 Lb, Average of Top Two Discounts - 0.05
Product 894: Name - Soup - Campbells Mushroom, Average of Top Two Discounts - 0.05
Product 895: Name - Soup - Campbells Cream Of, Average of Top Two Discounts - 0.04
Product 896: Name - Stainless Steel Cleaner Vision, Average of Top Two Discounts - 0.0
Product 897: Name - Juice - Ocean Spray Cranberry, Average of Top Two Discounts - 0.045
Product 898: Name - Beets, Average of Top Two Discounts - 0.030000000000000002
Product 899: Name - Fish - Base Bouillion, Average of Top Two Discounts - 0.025
Product 900: Name - Bread - Crumbs Bulk, Average of Top Two Discounts - 0.060000000000000005
Product 901: Name - Sauce Bbq Smokey, Average of Top Two Discounts - 0.16
Product 902: Name - Basil - Pesto Sauce, Average of Top Two Discounts - 0.025
Product 903: Name - Macaroons - Two Bite Choc, Average of Top Two Discounts - 0.165
Product 904: Name - Plaintain, Average of Top Two Discounts - 0.060000000000000005
Product 905: Name - Cookies Almond Hazelnut, Average of Top Two Discounts - 0.025
Product 906: Name - Pear - Asian, Average of Top Two Discounts - 0.060000000000000005
Product 907: Name - Long Island Ice Tea, Average of Top Two Discounts - 0.14
Product 908: Name - Cheese - St. Paulin, Average of Top Two Discounts - 0.05
Product 909: Name - Plate Pie Foil, Average of Top Two Discounts - 0.060000000000000005
Product 910: Name - Scallops - 20/30, Average of Top Two Discounts - 0.035
Product 911: Name - Lettuce - Spring Mix, Average of Top Two Discounts - 0.07500000000000001
Product 912: Name - Rosemary - Dry, Average of Top Two Discounts - 0.135
Product 913: Name - Chicken Breast Halal, Average of Top Two Discounts - 0.075
Product 914: Name - Nescafe - Frothy French Vanilla, Average of Top Two Discounts - 0.035
Product 915: Name - Bread - Raisin Walnut Oval, Average of Top Two Discounts - 0.09
Product 916: Name - Kahlua, Average of Top Two Discounts - 0.12
Product 917: Name - Bread - Roll Soft White Round, Average of Top Two Discounts - 0.165
Product 918: Name - 7up Diet 355 Ml, Average of Top Two Discounts - 0.05
Product 919: Name - Chinese Foods - Plain Fried Rice, Average of Top Two Discounts - 0.105
Product 920: Name - Chicken - Whole, Average of Top Two Discounts - 0.05
Product 921: Name - Goldschalger, Average of Top Two Discounts - 0.0
Product 922: Name - External Supplier, Average of Top Two Discounts - 0.0
Product 923: Name - Wine - Coteaux Du Tricastin Ac, Average of Top Two Discounts - 0.060000000000000005
Product 924: Name - Vol Au Vents, Average of Top Two Discounts - 0.0
Product 925: Name - Mushrooms - Honey, Average of Top Two Discounts - 0.11
Product 926: Name - Tomatoes Tear Drop Yellow, Average of Top Two Discounts - 0.060000000000000005
Product 927: Name - Nut - Pecan Halves, Average of Top Two Discounts - 0.035
Product 928: Name - Yoplait Drink, Average of Top Two Discounts - 0.07
Product 929: Name - Wine - Magnotta - Cab Franc, Average of Top Two Discounts - 0.05
Product 930: Name - Goat - Whole Cut, Average of Top Two Discounts - 0.075
Product 931: Name - Oil - Pumpkinseed, Average of Top Two Discounts - 0.0
Product 932: Name - Cookie Trail Mix, Average of Top Two Discounts - 0.035
Product 933: Name - Veal - Bones, Average of Top Two Discounts - 0.05
Product 934: Name - Goulash Seasoning, Average of Top Two Discounts - 0.07500000000000001
Product 935: Name - Buffalo - Striploin, Average of Top Two Discounts - 0.025
Product 936: Name - Juice - Lagoon Mango, Average of Top Two Discounts - 0.035
Product 937: Name - Milk - Chocolate 250 Ml, Average of Top Two Discounts - 0.155
Product 938: Name - Flower - Leather Leaf Fern, Average of Top Two Discounts - 0.060000000000000005
Product 939: Name - Fish - Soup Base Bouillon, Average of Top Two Discounts - 0.055
Product 940: Name - Silicone Paper 16.5x24, Average of Top Two Discounts - 0.060000000000000005
Product 941: Name - Red Currants, Average of Top Two Discounts - 0.025
Product 942: Name - Lamb - Shanks, Average of Top Two Discounts - 0.12000000000000001
Product 943: Name - Coriander - Seed, Average of Top Two Discounts - 0.07500000000000001
Product 944: Name - Pepper - Sorrano, Average of Top Two Discounts - 0.025
Product 945: Name - Ecolab - Hobart Upr Prewash Arm, Average of Top Two Discounts - 0.0
Product 946: Name - Oil - Coconut, Average of Top Two Discounts - 0.035
Product 947: Name - Juice - Orange 1.89l, Average of Top Two Discounts - 0.16
Product 948: Name - Fennel - Seeds, Average of Top Two Discounts - 0.14
Product 949: Name - Lotus Rootlets - Canned, Average of Top Two Discounts - 0.0
Product 950: Name - Chocolate - Chips Compound, Average of Top Two Discounts - 0.05
Product 951: Name - Bagel - Everything, Average of Top Two Discounts - 0.035
Product 952: Name - Beef - Sushi Flat Iron Steak, Average of Top Two Discounts - 0.275
Product 953: Name - Cheese - Colby, Average of Top Two Discounts - 0.07500000000000001
Product 954: Name - Bagel - Sesame Seed Presliced, Average of Top Two Discounts - 0.05
Product 955: Name - Tomatoes - Cherry, Average of Top Two Discounts - 0.135
Product 956: Name - Pastry - Banana Muffin - Mini, Average of Top Two Discounts - 0.025
Product 957: Name - Cheese - Cream Cheese, Average of Top Two Discounts - 0.3
Product 958: Name - Pork Casing, Average of Top Two Discounts - 0.025
Product 959: Name - Wine - Puligny Montrachet A., Average of Top Two Discounts - 0.05
Product 960: Name - Soup - Clam Chowder Dry Mix, Average of Top Two Discounts - 0.1
Product 961: Name - Pork - Smoked Kassler, Average of Top Two Discounts - 0.05
Product 962: Name - Cardamon Ground, Average of Top Two Discounts - 0.025
Product 963: Name - Island Oasis - Lemonade, Average of Top Two Discounts - 0.155
Product 964: Name - Coffee Beans - Chocolate, Average of Top Two Discounts - 0.15
Product 965: Name - Glucose, Average of Top Two Discounts - 0.060000000000000005
Product 966: Name - Beef - Tongue Cooked, Average of Top Two Discounts - 0.085
Product 967: Name - Table Cloth 62x120 Colour, Average of Top Two Discounts - 0.025
Product 968: Name - Gatorade - Orange, Average of Top Two Discounts - 0.0
Product 969: Name - Pasta - Lasagna Dry, Average of Top Two Discounts - 0.025
Product 970: Name - Soup - Cream Of Broccoli, Average of Top Two Discounts - 0.13
Product 971: Name - Sambuca - Ramazzotti, Average of Top Two Discounts - 0.060000000000000005
Product 972: Name - Wine - Kwv Chenin Blanc South, Average of Top Two Discounts - 0.060000000000000005
Product 973: Name - Wine - Manischewitz Concord, Average of Top Two Discounts - 0.125
Product 974: Name - Cookie Dough - Double, Average of Top Two Discounts - 0.035
Product 975: Name - Beef - Bresaola, Average of Top Two Discounts - 0.145
Product 976: Name - Smoked Paprika, Average of Top Two Discounts - 0.025
Product 977: Name - Puree - Blackcurrant, Average of Top Two Discounts - 0.05
Product 978: Name - Pepper - Chillies Crushed, Average of Top Two Discounts - 0.025
Product 979: Name - Tea - English Breakfast, Average of Top Two Discounts - 0.025
Product 980: Name - Mustard - Individual Pkg, Average of Top Two Discounts - 0.05
Product 981: Name - Cheese - Goat, Average of Top Two Discounts - 0.05
Product 982: Name - Swiss Chard, Average of Top Two Discounts - 0.0
Product 983: Name - Juice - Apple 284ml, Average of Top Two Discounts - 0.015
Product 984: Name - Dip - Tapenade, Average of Top Two Discounts - 0.07500000000000001
Product 985: Name - Horseradish - Prepared, Average of Top Two Discounts - 0.08499999999999999
Product 986: Name - Bar Mix - Pina Colada 355 Ml, Average of Top Two Discounts - 0.07500000000000001
Product 987: Name - Wine - White Riesling Semi - Dry, Average of Top Two Discounts - 0.05
Product 988: Name - Chicken - Leg / Back Attach, Average of Top Two Discounts - 0.05
Product 989: Name - Radish - Pickled, Average of Top Two Discounts - 0.05
Product 990: Name - Mushroom - Chantrelle Fresh, Average of Top Two Discounts - 0.33
Product 991: Name - Chicken - White Meat With Tender, Average of Top Two Discounts - 0.05
Product 992: Name - Shrimp - Black Tiger 13/15, Average of Top Two Discounts - 0.0
Product 993: Name - Food Colouring - Pink, Average of Top Two Discounts - 0.0
Product 994: Name - Chicken - Breast 5 - 7 Oz, Average of Top Two Discounts - 0.05
Product 995: Name - Blueberries, Average of Top Two Discounts - 0.0
Product 996: Name - Wine - Charddonnay Errazuriz, Average of Top Two Discounts - 0.060000000000000005
Product 997: Name - Veal - Round Eye Of, Average of Top Two Discounts - 0.025
Product 998: Name - Veal - Leg, Average of Top Two Discounts - 0.025
Product 999: Name - Gin - Gilbeys London Dry, Average of Top Two Discounts - 0.025
Product 1000: Name - Creme De Banane - Marie,